21/Mar/2024 11:24:28 (INFO)- django.utils.autoreload- Watching for file changes with StatReloader
21/Mar/2024 11:24:28 (INFO)- django.utils.autoreload- Watching for file changes with StatReloader
22/Mar/2024 11:02:40 (INFO)- django.utils.autoreload- Watching for file changes with StatReloader
22/Mar/2024 11:02:40 (INFO)- django.utils.autoreload- Watching for file changes with StatReloader
22/Mar/2024 11:03:43 (INFO)- django.utils.autoreload- Watching for file changes with StatReloader
22/Mar/2024 11:03:43 (INFO)- django.utils.autoreload- Watching for file changes with StatReloader
22/Mar/2024 11:07:12 (INFO)- django.utils.autoreload- Watching for file changes with StatReloader
22/Mar/2024 11:07:12 (INFO)- django.utils.autoreload- Watching for file changes with StatReloader
22/Mar/2024 11:07:42 (INFO)- django.utils.autoreload- Watching for file changes with StatReloader
22/Mar/2024 11:07:42 (INFO)- django.utils.autoreload- Watching for file changes with StatReloader
22/Mar/2024 11:14:04 (INFO)- django.utils.autoreload- Watching for file changes with StatReloader
22/Mar/2024 11:14:04 (INFO)- django.utils.autoreload- Watching for file changes with StatReloader
22/Mar/2024 11:17:05 (INFO)- django.utils.autoreload- Watching for file changes with StatReloader
22/Mar/2024 11:17:05 (INFO)- django.utils.autoreload- Watching for file changes with StatReloader
22/Mar/2024 11:43:47 (INFO)- django.utils.autoreload- Watching for file changes with StatReloader
22/Mar/2024 11:43:47 (INFO)- django.utils.autoreload- Watching for file changes with StatReloader
22/Mar/2024 11:46:22 (INFO)- django.utils.autoreload- Watching for file changes with StatReloader
22/Mar/2024 11:46:22 (INFO)- django.utils.autoreload- Watching for file changes with StatReloader
22/Mar/2024 11:51:56 (INFO)- django.utils.autoreload- Watching for file changes with StatReloader
22/Mar/2024 11:51:56 (INFO)- django.utils.autoreload- Watching for file changes with StatReloader
22/Mar/2024 11:52:41 (INFO)- django.utils.autoreload- /Users/jatinkoli/Desktop/Codes/autheSys/autheSys/settings.py changed, reloading.
22/Mar/2024 11:52:41 (INFO)- django.utils.autoreload- /Users/jatinkoli/Desktop/Codes/autheSys/autheSys/settings.py changed, reloading.
22/Mar/2024 11:52:41 (INFO)- django.utils.autoreload- Watching for file changes with StatReloader
22/Mar/2024 11:52:41 (INFO)- django.utils.autoreload- Watching for file changes with StatReloader
22/Mar/2024 11:55:45 (INFO)- django.utils.autoreload- Watching for file changes with StatReloader
22/Mar/2024 11:55:45 (INFO)- django.utils.autoreload- Watching for file changes with StatReloader
22/Mar/2024 11:56:05 (INFO)- django.utils.autoreload- Watching for file changes with StatReloader
22/Mar/2024 11:56:05 (INFO)- django.utils.autoreload- Watching for file changes with StatReloader
22/Mar/2024 12:53:00 (INFO)- django.utils.autoreload- Watching for file changes with StatReloader
22/Mar/2024 12:53:00 (INFO)- django.utils.autoreload- Watching for file changes with StatReloader
22/Mar/2024 12:54:23 (INFO)- django.utils.autoreload- Watching for file changes with StatReloader
22/Mar/2024 12:54:23 (INFO)- django.utils.autoreload- Watching for file changes with StatReloader
22/Mar/2024 12:57:06 (INFO)- django.utils.autoreload- Watching for file changes with StatReloader
22/Mar/2024 12:57:06 (INFO)- django.utils.autoreload- Watching for file changes with StatReloader
22/Mar/2024 12:57:12 (INFO)- django.utils.autoreload- /Users/jatinkoli/Desktop/Codes/autheSys/autheSys/settings.py changed, reloading.
22/Mar/2024 12:57:12 (INFO)- django.utils.autoreload- /Users/jatinkoli/Desktop/Codes/autheSys/autheSys/settings.py changed, reloading.
22/Mar/2024 12:57:12 (INFO)- django.utils.autoreload- Watching for file changes with StatReloader
22/Mar/2024 12:57:12 (INFO)- django.utils.autoreload- Watching for file changes with StatReloader
22/Mar/2024 13:06:41 (INFO)- django.utils.autoreload- Watching for file changes with StatReloader
22/Mar/2024 13:06:41 (INFO)- django.utils.autoreload- Watching for file changes with StatReloader
22/Mar/2024 13:06:52 (INFO)- django.utils.autoreload- /Users/jatinkoli/Desktop/Codes/autheSys/autheSys/settings.py changed, reloading.
22/Mar/2024 13:06:52 (INFO)- django.utils.autoreload- /Users/jatinkoli/Desktop/Codes/autheSys/autheSys/settings.py changed, reloading.
22/Mar/2024 13:06:52 (INFO)- django.utils.autoreload- Watching for file changes with StatReloader
22/Mar/2024 13:06:52 (INFO)- django.utils.autoreload- Watching for file changes with StatReloader
22/Mar/2024 13:10:37 (INFO)- django.utils.autoreload- Watching for file changes with StatReloader
22/Mar/2024 13:10:37 (INFO)- django.utils.autoreload- Watching for file changes with StatReloader
22/Mar/2024 13:11:01 (INFO)- django.utils.autoreload- Watching for file changes with StatReloader
22/Mar/2024 13:11:01 (INFO)- django.utils.autoreload- Watching for file changes with StatReloader
22/Mar/2024 17:02:13 (INFO)- django.utils.autoreload- Watching for file changes with StatReloader
22/Mar/2024 17:02:13 (INFO)- django.utils.autoreload- Watching for file changes with StatReloader
22/Mar/2024 17:03:49 (INFO)- django.utils.autoreload- /Users/jatinkoli/Desktop/Codes/autheSys/autheSys/settings.py changed, reloading.
22/Mar/2024 17:03:49 (INFO)- django.utils.autoreload- /Users/jatinkoli/Desktop/Codes/autheSys/autheSys/settings.py changed, reloading.
22/Mar/2024 17:03:49 (INFO)- django.utils.autoreload- Watching for file changes with StatReloader
22/Mar/2024 17:03:49 (INFO)- django.utils.autoreload- Watching for file changes with StatReloader
22/Mar/2024 17:03:56 (INFO)- django.utils.autoreload- Watching for file changes with StatReloader
22/Mar/2024 17:03:56 (INFO)- django.utils.autoreload- Watching for file changes with StatReloader
22/Mar/2024 17:04:26 (INFO)- django.utils.autoreload- /Users/jatinkoli/Desktop/Codes/autheSys/autheSys/settings.py changed, reloading.
22/Mar/2024 17:04:26 (INFO)- django.utils.autoreload- /Users/jatinkoli/Desktop/Codes/autheSys/autheSys/settings.py changed, reloading.
22/Mar/2024 17:04:26 (INFO)- django.utils.autoreload- Watching for file changes with StatReloader
22/Mar/2024 17:04:26 (INFO)- django.utils.autoreload- Watching for file changes with StatReloader
22/Mar/2024 17:04:32 (INFO)- django.utils.autoreload- Watching for file changes with StatReloader
22/Mar/2024 17:04:32 (INFO)- django.utils.autoreload- Watching for file changes with StatReloader
22/Mar/2024 17:04:57 (INFO)- django.utils.autoreload- /Users/jatinkoli/Desktop/Codes/autheSys/autheSys/settings.py changed, reloading.
22/Mar/2024 17:04:57 (INFO)- django.utils.autoreload- /Users/jatinkoli/Desktop/Codes/autheSys/autheSys/settings.py changed, reloading.
22/Mar/2024 17:04:58 (INFO)- django.utils.autoreload- Watching for file changes with StatReloader
22/Mar/2024 17:04:58 (INFO)- django.utils.autoreload- Watching for file changes with StatReloader
22/Mar/2024 17:05:49 (INFO)- django.utils.autoreload- /Users/jatinkoli/Desktop/Codes/autheSys/users/urls.py changed, reloading.
22/Mar/2024 17:05:49 (INFO)- django.utils.autoreload- /Users/jatinkoli/Desktop/Codes/autheSys/users/urls.py changed, reloading.
22/Mar/2024 17:05:49 (INFO)- django.utils.autoreload- Watching for file changes with StatReloader
22/Mar/2024 17:05:49 (INFO)- django.utils.autoreload- Watching for file changes with StatReloader
22/Mar/2024 17:07:22 (INFO)- django.utils.autoreload- /Users/jatinkoli/Desktop/Codes/autheSys/users/urls.py changed, reloading.
22/Mar/2024 17:07:22 (INFO)- django.utils.autoreload- /Users/jatinkoli/Desktop/Codes/autheSys/users/urls.py changed, reloading.
22/Mar/2024 17:07:22 (INFO)- django.utils.autoreload- Watching for file changes with StatReloader
22/Mar/2024 17:07:22 (INFO)- django.utils.autoreload- Watching for file changes with StatReloader
22/Mar/2024 17:13:54 (INFO)- django.utils.autoreload- /Users/jatinkoli/Desktop/Codes/autheSys/users/urls.py changed, reloading.
22/Mar/2024 17:13:54 (INFO)- django.utils.autoreload- /Users/jatinkoli/Desktop/Codes/autheSys/users/urls.py changed, reloading.
22/Mar/2024 17:13:54 (INFO)- django.utils.autoreload- Watching for file changes with StatReloader
22/Mar/2024 17:13:54 (INFO)- django.utils.autoreload- Watching for file changes with StatReloader
22/Mar/2024 17:14:13 (INFO)- django.utils.autoreload- /Users/jatinkoli/Desktop/Codes/autheSys/users/views.py changed, reloading.
22/Mar/2024 17:14:13 (INFO)- django.utils.autoreload- /Users/jatinkoli/Desktop/Codes/autheSys/users/views.py changed, reloading.
22/Mar/2024 17:14:14 (INFO)- django.utils.autoreload- Watching for file changes with StatReloader
22/Mar/2024 17:14:14 (INFO)- django.utils.autoreload- Watching for file changes with StatReloader
22/Mar/2024 17:15:10 (INFO)- django.utils.autoreload- /Users/jatinkoli/Desktop/Codes/autheSys/users/urls.py changed, reloading.
22/Mar/2024 17:15:10 (INFO)- django.utils.autoreload- /Users/jatinkoli/Desktop/Codes/autheSys/users/urls.py changed, reloading.
22/Mar/2024 17:15:11 (INFO)- django.utils.autoreload- Watching for file changes with StatReloader
22/Mar/2024 17:15:11 (INFO)- django.utils.autoreload- Watching for file changes with StatReloader
22/Mar/2024 17:16:00 (INFO)- django.utils.autoreload- /Users/jatinkoli/Desktop/Codes/autheSys/users/urls.py changed, reloading.
22/Mar/2024 17:16:00 (INFO)- django.utils.autoreload- /Users/jatinkoli/Desktop/Codes/autheSys/users/urls.py changed, reloading.
22/Mar/2024 17:16:00 (INFO)- django.utils.autoreload- Watching for file changes with StatReloader
22/Mar/2024 17:16:00 (INFO)- django.utils.autoreload- Watching for file changes with StatReloader
22/Mar/2024 17:16:25 (ERROR)- django.request- Internal Server Error: /
Traceback (most recent call last):
  File "/Library/Frameworks/Python.framework/Versions/3.12/lib/python3.12/site-packages/django/core/handlers/exception.py", line 55, in inner
    response = get_response(request)
               ^^^^^^^^^^^^^^^^^^^^^
  File "/Library/Frameworks/Python.framework/Versions/3.12/lib/python3.12/site-packages/django/utils/deprecation.py", line 136, in __call__
    response = self.process_response(request, response)
               ^^^^^^^^^^^^^^^^^^^^^^^^^^^^^^^^^^^^^^^^
  File "/Library/Frameworks/Python.framework/Versions/3.12/lib/python3.12/site-packages/django/middleware/clickjacking.py", line 27, in process_response
    if response.get("X-Frame-Options") is not None:
       ^^^^^^^^^^^^
AttributeError: 'str' object has no attribute 'get'
22/Mar/2024 17:16:25 (ERROR)- django.request- Internal Server Error: /
Traceback (most recent call last):
  File "/Library/Frameworks/Python.framework/Versions/3.12/lib/python3.12/site-packages/django/core/handlers/exception.py", line 55, in inner
    response = get_response(request)
               ^^^^^^^^^^^^^^^^^^^^^
  File "/Library/Frameworks/Python.framework/Versions/3.12/lib/python3.12/site-packages/django/utils/deprecation.py", line 136, in __call__
    response = self.process_response(request, response)
               ^^^^^^^^^^^^^^^^^^^^^^^^^^^^^^^^^^^^^^^^
  File "/Library/Frameworks/Python.framework/Versions/3.12/lib/python3.12/site-packages/django/middleware/clickjacking.py", line 27, in process_response
    if response.get("X-Frame-Options") is not None:
       ^^^^^^^^^^^^
AttributeError: 'str' object has no attribute 'get'
22/Mar/2024 17:16:25 (ERROR)- django.server- "GET / HTTP/1.1" 500 62358
22/Mar/2024 17:16:25 (ERROR)- django.server- "GET / HTTP/1.1" 500 62358
22/Mar/2024 17:16:25 (ERROR)- django.request- Internal Server Error: /
Traceback (most recent call last):
  File "/Library/Frameworks/Python.framework/Versions/3.12/lib/python3.12/site-packages/django/core/handlers/exception.py", line 55, in inner
    response = get_response(request)
               ^^^^^^^^^^^^^^^^^^^^^
  File "/Library/Frameworks/Python.framework/Versions/3.12/lib/python3.12/site-packages/django/utils/deprecation.py", line 136, in __call__
    response = self.process_response(request, response)
               ^^^^^^^^^^^^^^^^^^^^^^^^^^^^^^^^^^^^^^^^
  File "/Library/Frameworks/Python.framework/Versions/3.12/lib/python3.12/site-packages/django/middleware/clickjacking.py", line 27, in process_response
    if response.get("X-Frame-Options") is not None:
       ^^^^^^^^^^^^
AttributeError: 'str' object has no attribute 'get'
22/Mar/2024 17:16:25 (ERROR)- django.request- Internal Server Error: /
Traceback (most recent call last):
  File "/Library/Frameworks/Python.framework/Versions/3.12/lib/python3.12/site-packages/django/core/handlers/exception.py", line 55, in inner
    response = get_response(request)
               ^^^^^^^^^^^^^^^^^^^^^
  File "/Library/Frameworks/Python.framework/Versions/3.12/lib/python3.12/site-packages/django/utils/deprecation.py", line 136, in __call__
    response = self.process_response(request, response)
               ^^^^^^^^^^^^^^^^^^^^^^^^^^^^^^^^^^^^^^^^
  File "/Library/Frameworks/Python.framework/Versions/3.12/lib/python3.12/site-packages/django/middleware/clickjacking.py", line 27, in process_response
    if response.get("X-Frame-Options") is not None:
       ^^^^^^^^^^^^
AttributeError: 'str' object has no attribute 'get'
22/Mar/2024 17:16:25 (ERROR)- django.server- "GET / HTTP/1.1" 500 62084
22/Mar/2024 17:16:25 (ERROR)- django.server- "GET / HTTP/1.1" 500 62084
22/Mar/2024 17:27:27 (INFO)- django.utils.autoreload- Watching for file changes with StatReloader
22/Mar/2024 17:27:27 (INFO)- django.utils.autoreload- Watching for file changes with StatReloader
22/Mar/2024 17:27:37 (ERROR)- django.request- Internal Server Error: /
Traceback (most recent call last):
  File "/Library/Frameworks/Python.framework/Versions/3.12/lib/python3.12/site-packages/django/core/handlers/exception.py", line 55, in inner
    response = get_response(request)
               ^^^^^^^^^^^^^^^^^^^^^
  File "/Library/Frameworks/Python.framework/Versions/3.12/lib/python3.12/site-packages/django/utils/deprecation.py", line 136, in __call__
    response = self.process_response(request, response)
               ^^^^^^^^^^^^^^^^^^^^^^^^^^^^^^^^^^^^^^^^
  File "/Library/Frameworks/Python.framework/Versions/3.12/lib/python3.12/site-packages/django/middleware/clickjacking.py", line 27, in process_response
    if response.get("X-Frame-Options") is not None:
       ^^^^^^^^^^^^
AttributeError: 'str' object has no attribute 'get'
22/Mar/2024 17:27:37 (ERROR)- django.request- Internal Server Error: /
Traceback (most recent call last):
  File "/Library/Frameworks/Python.framework/Versions/3.12/lib/python3.12/site-packages/django/core/handlers/exception.py", line 55, in inner
    response = get_response(request)
               ^^^^^^^^^^^^^^^^^^^^^
  File "/Library/Frameworks/Python.framework/Versions/3.12/lib/python3.12/site-packages/django/utils/deprecation.py", line 136, in __call__
    response = self.process_response(request, response)
               ^^^^^^^^^^^^^^^^^^^^^^^^^^^^^^^^^^^^^^^^
  File "/Library/Frameworks/Python.framework/Versions/3.12/lib/python3.12/site-packages/django/middleware/clickjacking.py", line 27, in process_response
    if response.get("X-Frame-Options") is not None:
       ^^^^^^^^^^^^
AttributeError: 'str' object has no attribute 'get'
22/Mar/2024 17:27:37 (ERROR)- django.server- "GET / HTTP/1.1" 500 62221
22/Mar/2024 17:27:37 (ERROR)- django.server- "GET / HTTP/1.1" 500 62221
22/Mar/2024 17:28:45 (INFO)- django.utils.autoreload- /Users/jatinkoli/Desktop/Codes/autheSys/users/views.py changed, reloading.
22/Mar/2024 17:28:45 (INFO)- django.utils.autoreload- /Users/jatinkoli/Desktop/Codes/autheSys/users/views.py changed, reloading.
22/Mar/2024 17:28:45 (INFO)- django.utils.autoreload- Watching for file changes with StatReloader
22/Mar/2024 17:28:45 (INFO)- django.utils.autoreload- Watching for file changes with StatReloader
22/Mar/2024 17:28:49 (INFO)- django.server- "GET / HTTP/1.1" 200 1422
22/Mar/2024 17:28:49 (INFO)- django.server- "GET / HTTP/1.1" 200 1422
22/Mar/2024 17:30:10 (INFO)- django.server- "GET / HTTP/1.1" 200 1420
22/Mar/2024 17:30:10 (INFO)- django.server- "GET / HTTP/1.1" 200 1420
